execve("./add_server", ["./add_server"], [/* 18 vars */]) = 0
brk(0)                                  = 0x8a17000
access("/etc/ld.so.nohwcap", F_OK)      = -1 ENOENT (No such file or directory)
mmap2(NULL, 8192, PROT_READ|PROT_WRITE, MAP_PRIVATE|MAP_ANONYMOUS, -1, 0) = 0xb7757000
access("/etc/ld.so.preload", R_OK)      = -1 ENOENT (No such file or directory)
open("/etc/ld.so.cache", O_RDONLY|O_CLOEXEC) = 3
fstat64(3, {st_mode=S_IFREG|0644, st_size=81966, ...}) = 0
mmap2(NULL, 81966, PROT_READ, MAP_PRIVATE, 3, 0) = 0xb7742000
close(3)                                = 0
access("/etc/ld.so.nohwcap", F_OK)      = -1 ENOENT (No such file or directory)
open("/lib/i386-linux-gnu/libc.so.6", O_RDONLY|O_CLOEXEC) = 3
read(3, "\177ELF\1\1\1\0\0\0\0\0\0\0\0\0\3\0\3\0\1\0\0\0P\234\1\0004\0\0\0"..., 512) = 512
fstat64(3, {st_mode=S_IFREG|0755, st_size=1754876, ...}) = 0
mmap2(NULL, 1763964, PROT_READ|PROT_EXEC, MAP_PRIVATE|MAP_DENYWRITE, 3, 0) = 0xb7593000
mprotect(0xb773b000, 4096, PROT_NONE)   = 0
mmap2(0xb773c000, 12288, PROT_READ|PROT_WRITE, MAP_PRIVATE|MAP_FIXED|MAP_DENYWRITE, 3, 0x1a8000) = 0xb773c000
mmap2(0xb773f000, 10876, PROT_READ|PROT_WRITE, MAP_PRIVATE|MAP_FIXED|MAP_ANONYMOUS, -1, 0) = 0xb773f000
close(3)                                = 0
mmap2(NULL, 4096, PROT_READ|PROT_WRITE, MAP_PRIVATE|MAP_ANONYMOUS, -1, 0) = 0xb7592000
set_thread_area({entry_number:-1 -> 6, base_addr:0xb7592940, limit:1048575, seg_32bit:1, contents:0, read_exec_only:0, limit_in_pages:1, seg_not_present:0, useable:1}) = 0
mprotect(0xb773c000, 8192, PROT_READ)   = 0
mprotect(0x8049000, 4096, PROT_READ)    = 0
mprotect(0xb777d000, 4096, PROT_READ)   = 0
munmap(0xb7742000, 81966)               = 0
socket(PF_NETLINK, SOCK_RAW, 0)         = 3
bind(3, {sa_family=AF_NETLINK, pid=0, groups=00000000}, 12) = 0
getsockname(3, {sa_family=AF_NETLINK, pid=3475, groups=00000000}, [12]) = 0
time(NULL)                              = 1545244245
sendto(3, "\24\0\0\0\22\0\1\3U\216\32\\\0\0\0\0\0\0\0\0", 20, 0, {sa_family=AF_NETLINK, pid=0, groups=00000000}, 12) = 20
recvmsg(3, {msg_name(12)={sa_family=AF_NETLINK, pid=0, groups=00000000}, msg_iov(1)=[{"\230\4\0\0\20\0\2\0U\216\32\\\223\r\0\0\0\0\4\3\1\0\0\0I\0\1\0\0\0\0\0"..., 4096}], msg_controllen=0, msg_flags=0}, 0) = 2360
brk(0)                                  = 0x8a17000
brk(0x8a38000)                          = 0x8a38000
recvmsg(3, {msg_name(12)={sa_family=AF_NETLINK, pid=0, groups=00000000}, msg_iov(1)=[{"\24\0\0\0\3\0\2\0U\216\32\\\223\r\0\0\0\0\0\0", 4096}], msg_controllen=0, msg_flags=0}, 0) = 20
sendto(3, "\24\0\0\0\26\0\1\3V\216\32\\\0\0\0\0\0\0\0\0", 20, 0, {sa_family=AF_NETLINK, pid=0, groups=00000000}, 12) = 20
recvmsg(3, {msg_name(12)={sa_family=AF_NETLINK, pid=0, groups=00000000}, msg_iov(1)=[{"L\0\0\0\24\0\2\0V\216\32\\\223\r\0\0\2\10\200\376\1\0\0\0\10\0\1\0\177\0\0\1"..., 4096}], msg_controllen=0, msg_flags=0}, 0) = 164
recvmsg(3, {msg_name(12)={sa_family=AF_NETLINK, pid=0, groups=00000000}, msg_iov(1)=[{"H\0\0\0\24\0\2\0V\216\32\\\223\r\0\0\n\200\200\376\1\0\0\0\24\0\1\0\0\0\0\0"..., 4096}], msg_controllen=0, msg_flags=0}, 0) = 144
recvmsg(3, {msg_name(12)={sa_family=AF_NETLINK, pid=0, groups=00000000}, msg_iov(1)=[{"\24\0\0\0\3\0\2\0V\216\32\\\223\r\0\0\0\0\0\0", 4096}], msg_controllen=0, msg_flags=0}, 0) = 20
close(3)                                = 0
getpid()                                = 3475
gettimeofday({1545244245, 217262}, NULL) = 0
socket(PF_INET, SOCK_DGRAM|SOCK_NONBLOCK, IPPROTO_UDP) = 3
open("/etc/bindresvport.blacklist", O_RDONLY) = 4
fstat64(4, {st_mode=S_IFREG|0644, st_size=356, ...}) = 0
mmap2(NULL, 4096, PROT_READ|PROT_WRITE, MAP_PRIVATE|MAP_ANONYMOUS, -1, 0) = 0xb7756000
read(4, "#\n# This file contains a list of"..., 4096) = 356
read(4, "", 4096)                       = 0
close(4)                                = 0
munmap(0xb7756000, 4096)                = 0
bind(3, {sa_family=AF_INET, sin_port=htons(683), sin_addr=inet_addr("0.0.0.0")}, 16) = 0
setsockopt(3, SOL_IP, IP_RECVERR, [1], 4) = 0
sendto(3, "VD\353\22\0\0\0\0\0\0\0\2\0\1\206\240\0\0\0\2\0\0\0\2\0\0\0\0\0\0\0\0"..., 56, 0, {sa_family=AF_INET, sin_port=htons(111), sin_addr=inet_addr("127.0.0.1")}, 16) = 56
poll([{fd=3, events=POLLIN}], 1, 5000)  = 1 ([{fd=3, revents=POLLIN}])
recvfrom(3, "VD\353\22\0\0\0\1\0\0\0\0\0\0\0\0\0\0\0\0\0\0\0\0\0\0\0\1", 400, MSG_DONTWAIT, {sa_family=AF_INET, sin_port=htons(111), sin_addr=inet_addr("127.0.0.1")}, [16]) = 28
close(3)                                = 0
socket(PF_INET, SOCK_DGRAM, IPPROTO_UDP) = 3
bind(3, {sa_family=AF_INET, sin_port=htons(683), sin_addr=inet_addr("0.0.0.0")}, 16) = 0
getsockname(3, {sa_family=AF_INET, sin_port=htons(683), sin_addr=inet_addr("0.0.0.0")}, [16]) = 0
setsockopt(3, SOL_IP, IP_PKTINFO, [1], 4) = 0
getrlimit(RLIMIT_NOFILE, {rlim_cur=1024, rlim_max=4*1024}) = 0
socket(PF_NETLINK, SOCK_RAW, 0)         = 4
bind(4, {sa_family=AF_NETLINK, pid=0, groups=00000000}, 12) = 0
getsockname(4, {sa_family=AF_NETLINK, pid=3475, groups=00000000}, [12]) = 0
time(NULL)                              = 1545244245
sendto(4, "\24\0\0\0\22\0\1\3U\216\32\\\0\0\0\0\0\0\0\0", 20, 0, {sa_family=AF_NETLINK, pid=0, groups=00000000}, 12) = 20
recvmsg(4, {msg_name(12)={sa_family=AF_NETLINK, pid=0, groups=00000000}, msg_iov(1)=[{"\230\4\0\0\20\0\2\0U\216\32\\\223\r\0\0\0\0\4\3\1\0\0\0I\0\1\0\0\0\0\0"..., 4096}], msg_controllen=0, msg_flags=0}, 0) = 2360
recvmsg(4, {msg_name(12)={sa_family=AF_NETLINK, pid=0, groups=00000000}, msg_iov(1)=[{"\24\0\0\0\3\0\2\0U\216\32\\\223\r\0\0\0\0\0\0", 4096}], msg_controllen=0, msg_flags=0}, 0) = 20
sendto(4, "\24\0\0\0\26\0\1\3V\216\32\\\0\0\0\0\0\0\0\0", 20, 0, {sa_family=AF_NETLINK, pid=0, groups=00000000}, 12) = 20
recvmsg(4, {msg_name(12)={sa_family=AF_NETLINK, pid=0, groups=00000000}, msg_iov(1)=[{"L\0\0\0\24\0\2\0V\216\32\\\223\r\0\0\2\10\200\376\1\0\0\0\10\0\1\0\177\0\0\1"..., 4096}], msg_controllen=0, msg_flags=0}, 0) = 164
recvmsg(4, {msg_name(12)={sa_family=AF_NETLINK, pid=0, groups=00000000}, msg_iov(1)=[{"H\0\0\0\24\0\2\0V\216\32\\\223\r\0\0\n\200\200\376\1\0\0\0\24\0\1\0\0\0\0\0"..., 4096}], msg_controllen=0, msg_flags=0}, 0) = 144
recvmsg(4, {msg_name(12)={sa_family=AF_NETLINK, pid=0, groups=00000000}, msg_iov(1)=[{"\24\0\0\0\3\0\2\0V\216\32\\\223\r\0\0\0\0\0\0", 4096}], msg_controllen=0, msg_flags=0}, 0) = 20
close(4)                                = 0
socket(PF_INET, SOCK_DGRAM|SOCK_NONBLOCK, IPPROTO_UDP) = 4
bind(4, {sa_family=AF_INET, sin_port=htons(683), sin_addr=inet_addr("0.0.0.0")}, 16) = -1 EADDRINUSE (Address already in use)
bind(4, {sa_family=AF_INET, sin_port=htons(684), sin_addr=inet_addr("0.0.0.0")}, 16) = 0
setsockopt(4, SOL_IP, IP_RECVERR, [1], 4) = 0
sendto(4, "x\351\254\224\0\0\0\0\0\0\0\2\0\1\206\240\0\0\0\2\0\0\0\1\0\0\0\0\0\0\0\0"..., 56, 0, {sa_family=AF_INET, sin_port=htons(111), sin_addr=inet_addr("127.0.0.1")}, 16) = 56
poll([{fd=4, events=POLLIN}], 1, 5000)  = 1 ([{fd=4, revents=POLLIN}])
recvfrom(4, "x\351\254\224\0\0\0\1\0\0\0\0\0\0\0\0\0\0\0\0\0\0\0\0\0\0\0\1", 400, MSG_DONTWAIT, {sa_family=AF_INET, sin_port=htons(111), sin_addr=inet_addr("127.0.0.1")}, [16]) = 28
close(4)                                = 0
socket(PF_INET, SOCK_STREAM, IPPROTO_TCP) = 4
bind(4, {sa_family=AF_INET, sin_port=htons(684), sin_addr=inet_addr("0.0.0.0")}, 16) = 0
getsockname(4, {sa_family=AF_INET, sin_port=htons(684), sin_addr=inet_addr("0.0.0.0")}, [16]) = 0
listen(4, 128)                          = 0
socket(PF_NETLINK, SOCK_RAW, 0)         = 5
bind(5, {sa_family=AF_NETLINK, pid=0, groups=00000000}, 12) = 0
getsockname(5, {sa_family=AF_NETLINK, pid=3475, groups=00000000}, [12]) = 0
time(NULL)                              = 1545244245
sendto(5, "\24\0\0\0\22\0\1\3U\216\32\\\0\0\0\0\0\0\0\0", 20, 0, {sa_family=AF_NETLINK, pid=0, groups=00000000}, 12) = 20
recvmsg(5, {msg_name(12)={sa_family=AF_NETLINK, pid=0, groups=00000000}, msg_iov(1)=[{"\230\4\0\0\20\0\2\0U\216\32\\\223\r\0\0\0\0\4\3\1\0\0\0I\0\1\0\0\0\0\0"..., 4096}], msg_controllen=0, msg_flags=0}, 0) = 2360
recvmsg(5, {msg_name(12)={sa_family=AF_NETLINK, pid=0, groups=00000000}, msg_iov(1)=[{"\24\0\0\0\3\0\2\0U\216\32\\\223\r\0\0\0\0\0\0", 4096}], msg_controllen=0, msg_flags=0}, 0) = 20
sendto(5, "\24\0\0\0\26\0\1\3V\216\32\\\0\0\0\0\0\0\0\0", 20, 0, {sa_family=AF_NETLINK, pid=0, groups=00000000}, 12) = 20
recvmsg(5, {msg_name(12)={sa_family=AF_NETLINK, pid=0, groups=00000000}, msg_iov(1)=[{"L\0\0\0\24\0\2\0V\216\32\\\223\r\0\0\2\10\200\376\1\0\0\0\10\0\1\0\177\0\0\1"..., 4096}], msg_controllen=0, msg_flags=0}, 0) = 164
recvmsg(5, {msg_name(12)={sa_family=AF_NETLINK, pid=0, groups=00000000}, msg_iov(1)=[{"H\0\0\0\24\0\2\0V\216\32\\\223\r\0\0\n\200\200\376\1\0\0\0\24\0\1\0\0\0\0\0"..., 4096}], msg_controllen=0, msg_flags=0}, 0) = 144
recvmsg(5, {msg_name(12)={sa_family=AF_NETLINK, pid=0, groups=00000000}, msg_iov(1)=[{"\24\0\0\0\3\0\2\0V\216\32\\\223\r\0\0\0\0\0\0", 4096}], msg_controllen=0, msg_flags=0}, 0) = 20
close(5)                                = 0
socket(PF_INET, SOCK_DGRAM|SOCK_NONBLOCK, IPPROTO_UDP) = 5
bind(5, {sa_family=AF_INET, sin_port=htons(684), sin_addr=inet_addr("0.0.0.0")}, 16) = 0
setsockopt(5, SOL_IP, IP_RECVERR, [1], 4) = 0
sendto(5, "\4l\364N\0\0\0\0\0\0\0\2\0\1\206\240\0\0\0\2\0\0\0\1\0\0\0\0\0\0\0\0"..., 56, 0, {sa_family=AF_INET, sin_port=htons(111), sin_addr=inet_addr("127.0.0.1")}, 16) = 56
poll([{fd=5, events=POLLIN}], 1, 5000)  = 1 ([{fd=5, revents=POLLIN}])
recvfrom(5, "\4l\364N\0\0\0\1\0\0\0\0\0\0\0\0\0\0\0\0\0\0\0\0\0\0\0\1", 400, MSG_DONTWAIT, {sa_family=AF_INET, sin_port=htons(111), sin_addr=inet_addr("127.0.0.1")}, [16]) = 28
close(5)                                = 0
poll([{fd=3, events=POLLIN|POLLPRI|POLLRDNORM|POLLRDBAND}, {fd=4, events=POLLIN|POLLPRI|POLLRDNORM|POLLRDBAND}], 2, -1) = 1 ([{fd=4, revents=POLLIN|POLLRDNORM}])
accept(4, {sa_family=AF_INET, sin_port=htons(38472), sin_addr=inet_addr("127.0.0.1")}, [16]) = 5
poll([{fd=3, events=POLLIN|POLLPRI|POLLRDNORM|POLLRDBAND}, {fd=4, events=POLLIN|POLLPRI|POLLRDNORM|POLLRDBAND}, {fd=5, events=POLLIN|POLLPRI|POLLRDNORM|POLLRDBAND}], 3, -1) = 1 ([{fd=5, revents=POLLIN|POLLRDNORM}])
poll([{fd=5, events=POLLIN}], 1, 35000) = 1 ([{fd=5, revents=POLLIN}])
read(5, "\200\0\0000h\3039c\0\0\0\0\0\0\0\2#E\21\21\0\0\0\1\0\0\0\1\0\0\0\0"..., 4000) = 52
fstat64(1, {st_mode=S_IFCHR|0620, st_rdev=makedev(136, 27), ...}) = 0
mmap2(NULL, 4096, PROT_READ|PROT_WRITE, MAP_PRIVATE|MAP_ANONYMOUS, -1, 0) = 0xb7756000
write(1, "remote add(2, 3) is called \n", 28) = 28
write(5, "\200\0\0\34h\3039c\0\0\0\1\0\0\0\0\0\0\0\0\0\0\0\0\0\0\0\0\0\0\0\5", 32) = 32
poll([{fd=3, events=POLLIN|POLLPRI|POLLRDNORM|POLLRDBAND}, {fd=4, events=POLLIN|POLLPRI|POLLRDNORM|POLLRDBAND}, {fd=5, events=POLLIN|POLLPRI|POLLRDNORM|POLLRDBAND}], 3, -1) = 1 ([{fd=5, revents=POLLIN|POLLRDNORM}])
poll([{fd=5, events=POLLIN}], 1, 35000) = 1 ([{fd=5, revents=POLLIN}])
read(5, "", 4000)                       = 0
close(5)                                = 0
poll([{fd=3, events=POLLIN|POLLPRI|POLLRDNORM|POLLRDBAND}, {fd=4, events=POLLIN|POLLPRI|POLLRDNORM|POLLRDBAND}, {fd=-1}], 3, -1) = ? ERESTART_RESTARTBLOCK (Interrupted by signal)
--- SIGINT {si_signo=SIGINT, si_code=SI_KERNEL} ---
+++ killed by SIGINT +++
