execve("./client", ["./client"], [/* 60 vars */]) = 0
brk(0)                                  = 0x89f7000
access("/etc/ld.so.nohwcap", F_OK)      = -1 ENOENT (No such file or directory)
mmap2(NULL, 8192, PROT_READ|PROT_WRITE, MAP_PRIVATE|MAP_ANONYMOUS, -1, 0) = 0xb775c000
access("/etc/ld.so.preload", R_OK)      = -1 ENOENT (No such file or directory)
open("/etc/ld.so.cache", O_RDONLY|O_CLOEXEC) = 3
fstat64(3, {st_mode=S_IFREG|0644, st_size=81966, ...}) = 0
mmap2(NULL, 81966, PROT_READ, MAP_PRIVATE, 3, 0) = 0xb7747000
close(3)                                = 0
access("/etc/ld.so.nohwcap", F_OK)      = -1 ENOENT (No such file or directory)
open("/lib/i386-linux-gnu/libc.so.6", O_RDONLY|O_CLOEXEC) = 3
read(3, "\177ELF\1\1\1\0\0\0\0\0\0\0\0\0\3\0\3\0\1\0\0\0P\234\1\0004\0\0\0"..., 512) = 512
fstat64(3, {st_mode=S_IFREG|0755, st_size=1754876, ...}) = 0
mmap2(NULL, 1763964, PROT_READ|PROT_EXEC, MAP_PRIVATE|MAP_DENYWRITE, 3, 0) = 0xb7598000
mprotect(0xb7740000, 4096, PROT_NONE)   = 0
mmap2(0xb7741000, 12288, PROT_READ|PROT_WRITE, MAP_PRIVATE|MAP_FIXED|MAP_DENYWRITE, 3, 0x1a8000) = 0xb7741000
mmap2(0xb7744000, 10876, PROT_READ|PROT_WRITE, MAP_PRIVATE|MAP_FIXED|MAP_ANONYMOUS, -1, 0) = 0xb7744000
close(3)                                = 0
mmap2(NULL, 4096, PROT_READ|PROT_WRITE, MAP_PRIVATE|MAP_ANONYMOUS, -1, 0) = 0xb7597000
set_thread_area({entry_number:-1 -> 6, base_addr:0xb7597940, limit:1048575, seg_32bit:1, contents:0, read_exec_only:0, limit_in_pages:1, seg_not_present:0, useable:1}) = 0
mprotect(0xb7741000, 8192, PROT_READ)   = 0
mprotect(0x8049000, 4096, PROT_READ)    = 0
mprotect(0xb7782000, 4096, PROT_READ)   = 0
munmap(0xb7747000, 81966)               = 0
socket(PF_INET, SOCK_STREAM, IPPROTO_IP) = 3
connect(3, {sa_family=AF_INET, sin_port=htons(9002), sin_addr=inet_addr("0.0.0.0")}, 16) = 0
recv(3, "You have a missed call from serv"..., 1000, 0) = 256
fstat64(1, {st_mode=S_IFCHR|0620, st_rdev=makedev(136, 11), ...}) = 0
mmap2(NULL, 4096, PROT_READ|PROT_WRITE, MAP_PRIVATE|MAP_ANONYMOUS, -1, 0) = 0xb775b000
write(1, "Ther server sent the data : You "..., 63) = 63
close(3)                                = 0
exit_group(0)                           = ?
+++ exited with 0 +++
